gcc: warning: switch ‘-gstabs’ is no longer supported
gcc: warning: switch ‘-gstabs’ is no longer supported
+ cc kern/init.c
gcc: warning: switch ‘-gstabs’ is no longer supported
gcc: warning: switch ‘-gstabs’ is no longer supported
+ ld obj/kern/kernel
ld: warning: obj/user/primes: missing .note.GNU-stack section implies executable stack
ld: NOTE: This behaviour is deprecated and will be removed in a future version of the linker
ld: warning: obj/kern/kernel has a LOAD segment with RWX permissions
+ mk obj/kern/kernel.img
c[?7l[2J[0mSeaBIOS (version 1.16.3-debian-1.16.3-2)


iPXE (https://ipxe.org) 00:03.0 CA00 PCI2.10 PnP PMM+06FCAE00+06F0AE00 CA00
Press Ctrl-B to configure iPXE (PCI 00:03.0)...                                                                               


Booting from ROM..6828 decimal is 15254 octal!
Physical memory: 131072K available, base = 640K, extended = 130432K
check_page_free_list() succeeded!
check_page_alloc() succeeded!
check_page() succeeded!
check_kern_pgdir() succeeded!
check_page_free_list() succeeded!
check_page_installed_pgdir() succeeded!
SMP: CPU 0 found 1 CPU(s)
enabled interrupts: 1 2
[00000000] new env 00001000
0xf0167c50
[00001000] user_mem_check assertion failure for va f0100020
[00001000] free env 00001000
No runnable environments in the system!
Number of time of scheduler executed: 2

History of executed environments:

 env_id 4096 - env_runs 3 

Number of times the scheduler boosted the environments: 0
Number of times the scheduler halted the CPU: 1
Welcome to the JOS kernel monitor!
Type 'help' for a list of commands.
qemu-system-i386: terminating on signal 15 from pid 7653 (make)
